Using pre-set license
Built from '2020.3/staging' branch; Version is '2020.3.16f1 (049d6eca3c44) revision 302446'; Using compiler version '192528614'; Build Type 'Release'
OS: 'Windows 10 Home; OS build 19043.1237; Version 2009; 64bit' Language: 'en' Physical Memory: 24514 MB
BatchMode: 1, IsHumanControllingUs: 0, StartBugReporterOnCrash: 0, Is64bit: 1, IsPro: 0

 COMMAND LINE ARGUMENTS:
C:\Program Files\Unity\Hub\Editor\2020.3.16f1\Editor\Unity.exe
-adb2
-batchMode
-noUpm
-name
AssetImportWorker0
-projectPath
C:/GitHub/Shooter-Redo/Shooter Redo
-logFile
Logs/AssetImportWorker0.log
-srvPort
52930
Successfully changed project path to: C:/GitHub/Shooter-Redo/Shooter Redo
C:/GitHub/Shooter-Redo/Shooter Redo
Using Asset Import Pipeline V2.
Refreshing native plugins compatible for Editor in 23.10 ms, found 2 plugins.
Preloading 0 native plugins for Editor in 0.00 ms.
Initialize engine version: 2020.3.16f1 (049d6eca3c44)
[Subsystems] Discovering subsystems at path C:/Program Files/Unity/Hub/Editor/2020.3.16f1/Editor/Data/Resources/UnitySubsystems
[Subsystems] Discovering subsystems at path C:/GitHub/Shooter-Redo/Shooter Redo/Assets
GfxDevice: creating device client; threaded=0
Direct3D:
    Version:  Direct3D 11.0 [level 11.1]
    Renderer: NVIDIA GeForce GTX 1060 3GB (ID=0x1c02)
    Vendor:   
    VRAM:     2988 MB
    Driver:   27.21.14.5751
Initialize mono
Mono path[0] = 'C:/Program Files/Unity/Hub/Editor/2020.3.16f1/Editor/Data/Managed'
Mono path[1] = 'C:/Program Files/Unity/Hub/Editor/2020.3.16f1/Editor/Data/MonoBleedingEdge/lib/mono/unityjit'
Mono config path = 'C:/Program Files/Unity/Hub/Editor/2020.3.16f1/Editor/Data/MonoBleedingEdge/etc'
Using monoOptions --debugger-agent=transport=dt_socket,embedding=1,server=y,suspend=n,address=127.0.0.1:56992
Begin MonoManager ReloadAssembly
Registering precompiled unity dll's ...
Register platform support module: C:/Program Files/Unity/Hub/Editor/2020.3.16f1/Editor/Data/PlaybackEngines/WebGLSupport/UnityEditor.WebGL.Extensions.dll
Register platform support module: C:/Program Files/Unity/Hub/Editor/2020.3.16f1/Editor/Data/PlaybackEngines/WindowsStandaloneSupport/UnityEditor.WindowsStandalone.Extensions.dll
Registered in 0.001720 seconds.
Native extension for WindowsStandalone target not found
Native extension for WebGL target not found
Refreshing native plugins compatible for Editor in 21.98 ms, found 2 plugins.
Preloading 0 native plugins for Editor in 0.00 ms.
Mono: successfully reloaded assembly
- Completed reload, in  0.895 seconds
Domain Reload Profiling:
	ReloadAssembly (896ms)
		BeginReloadAssembly (44ms)
			ExecutionOrderSort (0ms)
			DisableScriptedObjects (0ms)
			BackupInstance (0ms)
			ReleaseScriptingObjects (0ms)
			CreateAndSetChildDomain (1ms)
		EndReloadAssembly (330ms)
			LoadAssemblies (43ms)
			RebuildTransferFunctionScriptingTraits (0ms)
			SetupTypeCache (127ms)
			ReleaseScriptCaches (0ms)
			RebuildScriptCaches (24ms)
			SetupLoadedEditorAssemblies (122ms)
				LogAssemblyErrors (0ms)
				InitializePlatformSupportModulesInManaged (4ms)
				SetLoadedEditorAssemblies (0ms)
				RefreshPlugins (22ms)
				BeforeProcessingInitializeOnLoad (7ms)
				ProcessInitializeOnLoadAttributes (65ms)
				ProcessInitializeOnLoadMethodAttributes (23ms)
				AfterProcessingInitializeOnLoad (0ms)
				EditorAssembliesLoaded (0ms)
			ExecutionOrderSort2 (0ms)
			AwakeInstancesAfterBackupRestoration (0ms)
Platform modules already initialized, skipping
Registering precompiled user dll's ...
Registered in 0.002703 seconds.
Begin MonoManager ReloadAssembly
Native extension for WindowsStandalone target not found
Native extension for WebGL target not found
Refreshing native plugins compatible for Editor in 0.28 ms, found 2 plugins.
Preloading 0 native plugins for Editor in 0.00 ms.
Mono: successfully reloaded assembly
- Completed reload, in  0.840 seconds
Domain Reload Profiling:
	ReloadAssembly (840ms)
		BeginReloadAssembly (116ms)
			ExecutionOrderSort (0ms)
			DisableScriptedObjects (4ms)
			BackupInstance (0ms)
			ReleaseScriptingObjects (0ms)
			CreateAndSetChildDomain (15ms)
		EndReloadAssembly (675ms)
			LoadAssemblies (66ms)
			RebuildTransferFunctionScriptingTraits (0ms)
			SetupTypeCache (212ms)
			ReleaseScriptCaches (0ms)
			RebuildScriptCaches (34ms)
			SetupLoadedEditorAssemblies (291ms)
				LogAssemblyErrors (0ms)
				InitializePlatformSupportModulesInManaged (5ms)
				SetLoadedEditorAssemblies (0ms)
				RefreshPlugins (0ms)
				BeforeProcessingInitializeOnLoad (48ms)
				ProcessInitializeOnLoadAttributes (230ms)
				ProcessInitializeOnLoadMethodAttributes (3ms)
				AfterProcessingInitializeOnLoad (5ms)
				EditorAssembliesLoaded (0ms)
			ExecutionOrderSort2 (0ms)
			AwakeInstancesAfterBackupRestoration (5ms)
Platform modules already initialized, skipping
========================================================================
Worker process is ready to serve import requests
Launched and connected shader compiler UnityShaderCompiler.exe after 0.05 seconds
Refreshing native plugins compatible for Editor in 0.29 ms, found 2 plugins.
Preloading 0 native plugins for Editor in 0.00 ms.
Unloading 1402 Unused Serialized files (Serialized files now loaded: 0)
System memory in use before: 65.4 MB.
System memory in use after: 65.5 MB.

Unloading 18 unused Assets to reduce memory usage. Loaded Objects now: 1838.
Total: 2.315000 ms (FindLiveObjects: 0.154600 ms CreateObjectMapping: 0.057100 ms MarkObjects: 2.041900 ms  DeleteObjects: 0.060600 ms)

AssetImportParameters requested are different than current active one (requested -> active):
  custom:framework-win-MediaFoundation: 216162199b28c13a410421893ffa2e32 -> 
  custom:video-decoder-ogg-theora: a1e56fd34408186e4bbccfd4996cb3dc -> 
  custom:container-muxer-webm: aa71ff27fc2769a1b78a27578f13a17b -> 
  custom:container-demuxer-webm: 4f35f7cbe854078d1ac9338744f61a02 -> 
  custom:container-demuxer-ogg: 62fdf1f143b41e24485cea50d1cbac27 -> 
  custom:video-encoder-webm-vp8: eb34c28f22e8b96e1ab97ce403110664 -> 
  custom:video-decoder-webm-vp8: 9c59270c3fd7afecdb556c50c9e8de78 -> 
  custom:audio-decoder-ogg-vorbis: bf7c407c2cedff20999df2af8eb42d56 -> 
  custom:audio-encoder-webm-vorbis: bf7c407c2cedff20999df2af8eb42d56 -> 
========================================================================
Received Import Request.
  path: Assets/Materials/Enemy_01.jpg
  artifactKey: Guid(83ad6c4c0ab5eb0469f7a79da224a2eb) Importer(815301076,1909f56bfc062723c751e8b465ee728b)
Start importing Assets/Materials/Enemy_01.jpg using Guid(83ad6c4c0ab5eb0469f7a79da224a2eb) Importer(815301076,1909f56bfc062723c751e8b465ee728b)  -> (artifact id: '455eade178c10a3df1c1d2f0d903507d') in 0.042944 seconds 
  Import took 0.044780 seconds .

========================================================================
Received Import Request.
  Time since last request: 0.000124 seconds.
  path: Assets/Materials/BG_LV_1.PNG
  artifactKey: Guid(f5b15f1b91236c1459d8f529f5ee73ab) Importer(815301076,1909f56bfc062723c751e8b465ee728b)
Start importing Assets/Materials/BG_LV_1.PNG using Guid(f5b15f1b91236c1459d8f529f5ee73ab) Importer(815301076,1909f56bfc062723c751e8b465ee728b)  -> (artifact id: 'd2939db9f19688acbbfd28cd37861a8e') in 0.012157 seconds 
  Import took 0.014463 seconds .

========================================================================
Received Import Request.
  Time since last request: 0.002246 seconds.
  path: Assets/Materials/BG_LV_1.PNG
  artifactKey: Guid(f5b15f1b91236c1459d8f529f5ee73ab) Importer(815301076,1909f56bfc062723c751e8b465ee728b)
Start importing Assets/Materials/BG_LV_1.PNG using Guid(f5b15f1b91236c1459d8f529f5ee73ab) Importer(815301076,1909f56bfc062723c751e8b465ee728b)  -> (artifact id: 'd2939db9f19688acbbfd28cd37861a8e') in 0.008956 seconds 
  Import took 0.010974 seconds .

========================================================================
Received Import Request.
  Time since last request: 85.790228 seconds.
  path: Assets/Materials/BG_LV_1.PNG
  artifactKey: Guid(f5b15f1b91236c1459d8f529f5ee73ab) Importer(815301076,1909f56bfc062723c751e8b465ee728b)
Start importing Assets/Materials/BG_LV_1.PNG using Guid(f5b15f1b91236c1459d8f529f5ee73ab) Importer(815301076,1909f56bfc062723c751e8b465ee728b)  -> (artifact id: '985115abc4a452587b9b1cde6ff94c9b') in 0.037979 seconds 
  Import took 0.039994 seconds .

========================================================================
Received Import Request.
  Time since last request: 201.630563 seconds.
  path: Assets/Materials/BG_LV_01.PNG
  artifactKey: Guid(96d7820af9d43124e83b26fc80b0d0d7) Importer(815301076,1909f56bfc062723c751e8b465ee728b)
Start importing Assets/Materials/BG_LV_01.PNG using Guid(96d7820af9d43124e83b26fc80b0d0d7) Importer(815301076,1909f56bfc062723c751e8b465ee728b)  -> (artifact id: '0d895260b9fab518310a4ccf7b443f15') in 0.011887 seconds 
  Import took 0.014404 seconds .

========================================================================
Received Import Request.
  Time since last request: 0.000139 seconds.
  path: Assets/Materials/Enemy_01.PNG
  artifactKey: Guid(ba3b08b9792460a4590961bfdfc768f6) Importer(815301076,1909f56bfc062723c751e8b465ee728b)
Start importing Assets/Materials/Enemy_01.PNG using Guid(ba3b08b9792460a4590961bfdfc768f6) Importer(815301076,1909f56bfc062723c751e8b465ee728b)  -> (artifact id: 'a51d0cf2be830d03df3bda3c970289bf') in 0.011036 seconds 
  Import took 0.013230 seconds .

========================================================================
Received Import Request.
  Time since last request: 0.001718 seconds.
  path: Assets/Materials/Enemy_01.PNG
  artifactKey: Guid(ba3b08b9792460a4590961bfdfc768f6) Importer(815301076,1909f56bfc062723c751e8b465ee728b)
Start importing Assets/Materials/Enemy_01.PNG using Guid(ba3b08b9792460a4590961bfdfc768f6) Importer(815301076,1909f56bfc062723c751e8b465ee728b)  -> (artifact id: 'a51d0cf2be830d03df3bda3c970289bf') in 0.009603 seconds 
  Import took 0.011751 seconds .

========================================================================
Received Import Request.
  Time since last request: 12.385454 seconds.
  path: Assets/Materials/BG_LV_01.PNG
  artifactKey: Guid(96d7820af9d43124e83b26fc80b0d0d7) Importer(815301076,1909f56bfc062723c751e8b465ee728b)
Start importing Assets/Materials/BG_LV_01.PNG using Guid(96d7820af9d43124e83b26fc80b0d0d7) Importer(815301076,1909f56bfc062723c751e8b465ee728b)  -> (artifact id: 'e9e309a0b3322401c7a7bcc3cff4c08b') in 0.024154 seconds 
  Import took 0.026379 seconds .

========================================================================
Received Import Request.
  Time since last request: 6.632272 seconds.
  path: Assets/Materials/Enemy_01.PNG
  artifactKey: Guid(ba3b08b9792460a4590961bfdfc768f6) Importer(815301076,1909f56bfc062723c751e8b465ee728b)
Start importing Assets/Materials/Enemy_01.PNG using Guid(ba3b08b9792460a4590961bfdfc768f6) Importer(815301076,1909f56bfc062723c751e8b465ee728b)  -> (artifact id: '72cf600dd7e599a2aa882eadfe3f1fab') in 0.012035 seconds 
  Import took 0.014554 seconds .

========================================================================
Received Prepare
Registering precompiled user dll's ...
Registered in 0.002763 seconds.
Begin MonoManager ReloadAssembly
Native extension for WindowsStandalone target not found
Native extension for WebGL target not found
Refreshing native plugins compatible for Editor in 0.30 ms, found 2 plugins.
Preloading 0 native plugins for Editor in 0.00 ms.
Mono: successfully reloaded assembly
- Completed reload, in  0.779 seconds
Domain Reload Profiling:
	ReloadAssembly (780ms)
		BeginReloadAssembly (94ms)
			ExecutionOrderSort (0ms)
			DisableScriptedObjects (3ms)
			BackupInstance (0ms)
			ReleaseScriptingObjects (0ms)
			CreateAndSetChildDomain (27ms)
		EndReloadAssembly (637ms)
			LoadAssemblies (63ms)
			RebuildTransferFunctionScriptingTraits (0ms)
			SetupTypeCache (207ms)
			ReleaseScriptCaches (1ms)
			RebuildScriptCaches (29ms)
			SetupLoadedEditorAssemblies (263ms)
				LogAssemblyErrors (0ms)
				InitializePlatformSupportModulesInManaged (5ms)
				SetLoadedEditorAssemblies (0ms)
				RefreshPlugins (0ms)
				BeforeProcessingInitializeOnLoad (37ms)
				ProcessInitializeOnLoadAttributes (213ms)
				ProcessInitializeOnLoadMethodAttributes (3ms)
				AfterProcessingInitializeOnLoad (5ms)
				EditorAssembliesLoaded (0ms)
			ExecutionOrderSort2 (0ms)
			AwakeInstancesAfterBackupRestoration (5ms)
Platform modules already initialized, skipping
Refreshing native plugins compatible for Editor in 0.33 ms, found 2 plugins.
Preloading 0 native plugins for Editor in 0.00 ms.
Unloading 1396 Unused Serialized files (Serialized files now loaded: 0)
System memory in use before: 68.3 MB.
System memory in use after: 68.4 MB.

Unloading 13 unused Assets to reduce memory usage. Loaded Objects now: 1850.
Total: 2.159400 ms (FindLiveObjects: 0.134600 ms CreateObjectMapping: 0.042300 ms MarkObjects: 1.968800 ms  DeleteObjects: 0.012600 ms)

AssetImportParameters requested are different than current active one (requested -> active):
  custom:framework-win-MediaFoundation: 216162199b28c13a410421893ffa2e32 -> 
  custom:video-decoder-ogg-theora: a1e56fd34408186e4bbccfd4996cb3dc -> 
  custom:container-muxer-webm: aa71ff27fc2769a1b78a27578f13a17b -> 
  custom:container-demuxer-webm: 4f35f7cbe854078d1ac9338744f61a02 -> 
  custom:container-demuxer-ogg: 62fdf1f143b41e24485cea50d1cbac27 -> 
  custom:video-encoder-webm-vp8: eb34c28f22e8b96e1ab97ce403110664 -> 
  custom:video-decoder-webm-vp8: 9c59270c3fd7afecdb556c50c9e8de78 -> 
  custom:audio-decoder-ogg-vorbis: bf7c407c2cedff20999df2af8eb42d56 -> 
  custom:audio-encoder-webm-vorbis: bf7c407c2cedff20999df2af8eb42d56 -> 
========================================================================
Received Import Request.
  Time since last request: 345.264813 seconds.
  path: Assets/Materials/BG_LV_01.PNG
  artifactKey: Guid(96d7820af9d43124e83b26fc80b0d0d7) Importer(815301076,1909f56bfc062723c751e8b465ee728b)
Start importing Assets/Materials/BG_LV_01.PNG using Guid(96d7820af9d43124e83b26fc80b0d0d7) Importer(815301076,1909f56bfc062723c751e8b465ee728b)  -> (artifact id: '80f276a69b21ce20fdad1689dee8581e') in 0.029084 seconds 
  Import took 0.031569 seconds .

========================================================================
Received Import Request.
  Time since last request: 18.696875 seconds.
  path: Assets/Materials/BG_LV_01.PNG
  artifactKey: Guid(96d7820af9d43124e83b26fc80b0d0d7) Importer(815301076,1909f56bfc062723c751e8b465ee728b)
Start importing Assets/Materials/BG_LV_01.PNG using Guid(96d7820af9d43124e83b26fc80b0d0d7) Importer(815301076,1909f56bfc062723c751e8b465ee728b)  -> (artifact id: '65ac6c72a997404182fe0488b8bc2693') in 0.026298 seconds 
  Import took 0.028432 seconds .

========================================================================
Received Import Request.
  Time since last request: 45.001227 seconds.
  path: Assets/Materials/BG_LV_01.PNG
  artifactKey: Guid(96d7820af9d43124e83b26fc80b0d0d7) Importer(815301076,1909f56bfc062723c751e8b465ee728b)
Start importing Assets/Materials/BG_LV_01.PNG using Guid(96d7820af9d43124e83b26fc80b0d0d7) Importer(815301076,1909f56bfc062723c751e8b465ee728b)  -> (artifact id: '6660dbb386ff4273936d52d3c878823b') in 0.014882 seconds 
  Import took 0.016911 seconds .

========================================================================
Received Import Request.
  Time since last request: 30.418403 seconds.
  path: Assets/Materials/BG_LV_01.PNG
  artifactKey: Guid(96d7820af9d43124e83b26fc80b0d0d7) Importer(815301076,1909f56bfc062723c751e8b465ee728b)
Start importing Assets/Materials/BG_LV_01.PNG using Guid(96d7820af9d43124e83b26fc80b0d0d7) Importer(815301076,1909f56bfc062723c751e8b465ee728b)  -> (artifact id: '4ff1b8ae00a58a334a8ee66295404acb') in 0.014745 seconds 
  Import took 0.016827 seconds .

========================================================================
Received Import Request.
  Time since last request: 108.565842 seconds.
  path: Assets/Materials/BG_LV_01.PNG
  artifactKey: Guid(96d7820af9d43124e83b26fc80b0d0d7) Importer(815301076,1909f56bfc062723c751e8b465ee728b)
Start importing Assets/Materials/BG_LV_01.PNG using Guid(96d7820af9d43124e83b26fc80b0d0d7) Importer(815301076,1909f56bfc062723c751e8b465ee728b)  -> (artifact id: 'f856e593529ccbf4d0acf5150ff6ff7a') in 0.014188 seconds 
  Import took 0.016341 seconds .

========================================================================
Received Prepare
Registering precompiled user dll's ...
Registered in 0.002737 seconds.
Begin MonoManager ReloadAssembly
Native extension for WindowsStandalone target not found
Native extension for WebGL target not found
Refreshing native plugins compatible for Editor in 0.32 ms, found 2 plugins.
Preloading 0 native plugins for Editor in 0.00 ms.
Mono: successfully reloaded assembly
- Completed reload, in  0.789 seconds
Domain Reload Profiling:
	ReloadAssembly (790ms)
		BeginReloadAssembly (90ms)
			ExecutionOrderSort (0ms)
			DisableScriptedObjects (3ms)
			BackupInstance (0ms)
			ReleaseScriptingObjects (0ms)
			CreateAndSetChildDomain (27ms)
		EndReloadAssembly (651ms)
			LoadAssemblies (63ms)
			RebuildTransferFunctionScriptingTraits (0ms)
			SetupTypeCache (215ms)
			ReleaseScriptCaches (1ms)
			RebuildScriptCaches (30ms)
			SetupLoadedEditorAssemblies (265ms)
				LogAssemblyErrors (0ms)
				InitializePlatformSupportModulesInManaged (5ms)
				SetLoadedEditorAssemblies (0ms)
				RefreshPlugins (0ms)
				BeforeProcessingInitializeOnLoad (37ms)
				ProcessInitializeOnLoadAttributes (215ms)
				ProcessInitializeOnLoadMethodAttributes (3ms)
				AfterProcessingInitializeOnLoad (5ms)
				EditorAssembliesLoaded (0ms)
			ExecutionOrderSort2 (0ms)
			AwakeInstancesAfterBackupRestoration (5ms)
Platform modules already initialized, skipping
Refreshing native plugins compatible for Editor in 0.29 ms, found 2 plugins.
Preloading 0 native plugins for Editor in 0.00 ms.
Unloading 1396 Unused Serialized files (Serialized files now loaded: 0)
System memory in use before: 68.3 MB.
System memory in use after: 68.4 MB.

Unloading 13 unused Assets to reduce memory usage. Loaded Objects now: 1853.
Total: 2.230900 ms (FindLiveObjects: 0.142500 ms CreateObjectMapping: 0.046600 ms MarkObjects: 2.027400 ms  DeleteObjects: 0.013600 ms)

AssetImportParameters requested are different than current active one (requested -> active):
  custom:framework-win-MediaFoundation: 216162199b28c13a410421893ffa2e32 -> 
  custom:video-decoder-ogg-theora: a1e56fd34408186e4bbccfd4996cb3dc -> 
  custom:container-muxer-webm: aa71ff27fc2769a1b78a27578f13a17b -> 
  custom:container-demuxer-webm: 4f35f7cbe854078d1ac9338744f61a02 -> 
  custom:container-demuxer-ogg: 62fdf1f143b41e24485cea50d1cbac27 -> 
  custom:video-encoder-webm-vp8: eb34c28f22e8b96e1ab97ce403110664 -> 
  custom:video-decoder-webm-vp8: 9c59270c3fd7afecdb556c50c9e8de78 -> 
  custom:audio-decoder-ogg-vorbis: bf7c407c2cedff20999df2af8eb42d56 -> 
  custom:audio-encoder-webm-vorbis: bf7c407c2cedff20999df2af8eb42d56 -> 
========================================================================
Received Import Request.
  Time since last request: 356.929381 seconds.
  path: Assets/Materials/BG_LV_01.PNG
  artifactKey: Guid(96d7820af9d43124e83b26fc80b0d0d7) Importer(815301076,1909f56bfc062723c751e8b465ee728b)
Start importing Assets/Materials/BG_LV_01.PNG using Guid(96d7820af9d43124e83b26fc80b0d0d7) Importer(815301076,1909f56bfc062723c751e8b465ee728b)  -> (artifact id: '12b7946bcd882f3fa7485a3a912d0366') in 0.046409 seconds 
  Import took 0.048347 seconds .

========================================================================
Received Prepare
Registering precompiled user dll's ...
Registered in 0.002739 seconds.
Begin MonoManager ReloadAssembly
Native extension for WindowsStandalone target not found
Native extension for WebGL target not found
Refreshing native plugins compatible for Editor in 0.28 ms, found 2 plugins.
Preloading 0 native plugins for Editor in 0.00 ms.
Mono: successfully reloaded assembly
- Completed reload, in  0.777 seconds
Domain Reload Profiling:
	ReloadAssembly (777ms)
		BeginReloadAssembly (92ms)
			ExecutionOrderSort (0ms)
			DisableScriptedObjects (3ms)
			BackupInstance (0ms)
			ReleaseScriptingObjects (0ms)
			CreateAndSetChildDomain (25ms)
		EndReloadAssembly (638ms)
			LoadAssemblies (63ms)
			RebuildTransferFunctionScriptingTraits (0ms)
			SetupTypeCache (206ms)
			ReleaseScriptCaches (1ms)
			RebuildScriptCaches (29ms)
			SetupLoadedEditorAssemblies (259ms)
				LogAssemblyErrors (0ms)
				InitializePlatformSupportModulesInManaged (5ms)
				SetLoadedEditorAssemblies (0ms)
				RefreshPlugins (0ms)
				BeforeProcessingInitializeOnLoad (38ms)
				ProcessInitializeOnLoadAttributes (207ms)
				ProcessInitializeOnLoadMethodAttributes (3ms)
				AfterProcessingInitializeOnLoad (5ms)
				EditorAssembliesLoaded (0ms)
			ExecutionOrderSort2 (0ms)
			AwakeInstancesAfterBackupRestoration (5ms)
Platform modules already initialized, skipping
Refreshing native plugins compatible for Editor in 0.29 ms, found 2 plugins.
Preloading 0 native plugins for Editor in 0.00 ms.
Unloading 1396 Unused Serialized files (Serialized files now loaded: 0)
System memory in use before: 68.4 MB.
System memory in use after: 68.5 MB.

Unloading 13 unused Assets to reduce memory usage. Loaded Objects now: 1857.
Total: 2.172400 ms (FindLiveObjects: 0.137500 ms CreateObjectMapping: 0.039100 ms MarkObjects: 1.982600 ms  DeleteObjects: 0.012400 ms)

AssetImportParameters requested are different than current active one (requested -> active):
  custom:framework-win-MediaFoundation: 216162199b28c13a410421893ffa2e32 -> 
  custom:video-decoder-ogg-theora: a1e56fd34408186e4bbccfd4996cb3dc -> 
  custom:container-muxer-webm: aa71ff27fc2769a1b78a27578f13a17b -> 
  custom:container-demuxer-webm: 4f35f7cbe854078d1ac9338744f61a02 -> 
  custom:container-demuxer-ogg: 62fdf1f143b41e24485cea50d1cbac27 -> 
  custom:video-encoder-webm-vp8: eb34c28f22e8b96e1ab97ce403110664 -> 
  custom:video-decoder-webm-vp8: 9c59270c3fd7afecdb556c50c9e8de78 -> 
  custom:audio-decoder-ogg-vorbis: bf7c407c2cedff20999df2af8eb42d56 -> 
  custom:audio-encoder-webm-vorbis: bf7c407c2cedff20999df2af8eb42d56 -> 
========================================================================
Received Import Request.
  Time since last request: 161.964565 seconds.
  path: Assets/Textures/New Material.mat
  artifactKey: Guid(e3d99f3987df82d4eb121a951550dfc7) Importer(815301076,1909f56bfc062723c751e8b465ee728b)
Start importing Assets/Textures/New Material.mat using Guid(e3d99f3987df82d4eb121a951550dfc7) Importer(815301076,1909f56bfc062723c751e8b465ee728b)  -> (artifact id: '8ed94aa07cbe84f40c79e55c329e87c6') in 0.052211 seconds 
  Import took 0.054206 seconds .

========================================================================
Received Import Request.
  Time since last request: 22912.466388 seconds.
  path: Assets/Materials/BG_LV_01.PNG
  artifactKey: Guid(96d7820af9d43124e83b26fc80b0d0d7) Importer(815301076,1909f56bfc062723c751e8b465ee728b)
Start importing Assets/Materials/BG_LV_01.PNG using Guid(96d7820af9d43124e83b26fc80b0d0d7) Importer(815301076,1909f56bfc062723c751e8b465ee728b)  -> (artifact id: '9d80c85fda957f2d5e84092b48f52981') in 0.114644 seconds 
  Import took 0.146706 seconds .

========================================================================
Received Import Request.
  Time since last request: 0.001966 seconds.
  path: Assets/Materials/BG_LV_01.PNG
  artifactKey: Guid(96d7820af9d43124e83b26fc80b0d0d7) Importer(815301076,1909f56bfc062723c751e8b465ee728b)
Start importing Assets/Materials/BG_LV_01.PNG using Guid(96d7820af9d43124e83b26fc80b0d0d7) Importer(815301076,1909f56bfc062723c751e8b465ee728b)  -> (artifact id: '9d80c85fda957f2d5e84092b48f52981') in 0.017822 seconds 
  Import took 0.020056 seconds .

========================================================================
Received Import Request.
  Time since last request: 20.756863 seconds.
  path: Assets/Materials/BG_LV_01.PNG
  artifactKey: Guid(96d7820af9d43124e83b26fc80b0d0d7) Importer(815301076,1909f56bfc062723c751e8b465ee728b)
Start importing Assets/Materials/BG_LV_01.PNG using Guid(96d7820af9d43124e83b26fc80b0d0d7) Importer(815301076,1909f56bfc062723c751e8b465ee728b)  -> (artifact id: '92fe78fbdeebb048104f94ed977bb3ca') in 0.016261 seconds 
  Import took 0.018693 seconds .

========================================================================
Received Prepare
Registering precompiled user dll's ...
Registered in 0.098094 seconds.
Begin MonoManager ReloadAssembly
Native extension for WindowsStandalone target not found
Native extension for WebGL target not found
Refreshing native plugins compatible for Editor in 0.50 ms, found 2 plugins.
Preloading 0 native plugins for Editor in 0.00 ms.
Mono: successfully reloaded assembly
- Completed reload, in  0.985 seconds
Domain Reload Profiling:
	ReloadAssembly (986ms)
		BeginReloadAssembly (131ms)
			ExecutionOrderSort (0ms)
			DisableScriptedObjects (7ms)
			BackupInstance (0ms)
			ReleaseScriptingObjects (0ms)
			CreateAndSetChildDomain (49ms)
		EndReloadAssembly (803ms)
			LoadAssemblies (73ms)
			RebuildTransferFunctionScriptingTraits (0ms)
			SetupTypeCache (233ms)
			ReleaseScriptCaches (1ms)
			RebuildScriptCaches (32ms)
			SetupLoadedEditorAssemblies (381ms)
				LogAssemblyErrors (0ms)
				InitializePlatformSupportModulesInManaged (5ms)
				SetLoadedEditorAssemblies (0ms)
				RefreshPlugins (1ms)
				BeforeProcessingInitializeOnLoad (45ms)
				ProcessInitializeOnLoadAttributes (323ms)
				ProcessInitializeOnLoadMethodAttributes (3ms)
				AfterProcessingInitializeOnLoad (5ms)
				EditorAssembliesLoaded (0ms)
			ExecutionOrderSort2 (0ms)
			AwakeInstancesAfterBackupRestoration (6ms)
Platform modules already initialized, skipping
Refreshing native plugins compatible for Editor in 0.33 ms, found 2 plugins.
Preloading 0 native plugins for Editor in 0.00 ms.
Unloading 1396 Unused Serialized files (Serialized files now loaded: 0)
System memory in use before: 68.7 MB.
System memory in use after: 68.8 MB.

Unloading 13 unused Assets to reduce memory usage. Loaded Objects now: 1896.
Total: 2.488700 ms (FindLiveObjects: 0.171800 ms CreateObjectMapping: 0.041200 ms MarkObjects: 2.257400 ms  DeleteObjects: 0.017200 ms)

AssetImportParameters requested are different than current active one (requested -> active):
  custom:framework-win-MediaFoundation: 216162199b28c13a410421893ffa2e32 -> 
  custom:video-decoder-ogg-theora: a1e56fd34408186e4bbccfd4996cb3dc -> 
  custom:container-muxer-webm: aa71ff27fc2769a1b78a27578f13a17b -> 
  custom:container-demuxer-webm: 4f35f7cbe854078d1ac9338744f61a02 -> 
  custom:container-demuxer-ogg: 62fdf1f143b41e24485cea50d1cbac27 -> 
  custom:video-encoder-webm-vp8: eb34c28f22e8b96e1ab97ce403110664 -> 
  custom:video-decoder-webm-vp8: 9c59270c3fd7afecdb556c50c9e8de78 -> 
  custom:audio-decoder-ogg-vorbis: bf7c407c2cedff20999df2af8eb42d56 -> 
  custom:audio-encoder-webm-vorbis: bf7c407c2cedff20999df2af8eb42d56 -> 
========================================================================
Received Import Request.
  Time since last request: 786.842291 seconds.
  path: Assets/Prefabs/Jelly_death_particle.prefab
  artifactKey: Guid(71cfc7dfb03e0e949b472326ae913322) Importer(815301076,1909f56bfc062723c751e8b465ee728b)
Start importing Assets/Prefabs/Jelly_death_particle.prefab using Guid(71cfc7dfb03e0e949b472326ae913322) Importer(815301076,1909f56bfc062723c751e8b465ee728b)  -> (artifact id: 'b0dd7dd527d035f636fa59da45400b5d') in 0.052801 seconds 
  Import took 0.055048 seconds .

========================================================================
Received Prepare
Registering precompiled user dll's ...
Registered in 0.002830 seconds.
Begin MonoManager ReloadAssembly
Native extension for WindowsStandalone target not found
Native extension for WebGL target not found
Refreshing native plugins compatible for Editor in 0.32 ms, found 2 plugins.
Preloading 0 native plugins for Editor in 0.00 ms.
Mono: successfully reloaded assembly
- Completed reload, in  0.808 seconds
Domain Reload Profiling:
	ReloadAssembly (808ms)
		BeginReloadAssembly (95ms)
			ExecutionOrderSort (0ms)
			DisableScriptedObjects (4ms)
			BackupInstance (0ms)
			ReleaseScriptingObjects (0ms)
			CreateAndSetChildDomain (28ms)
		EndReloadAssembly (660ms)
			LoadAssemblies (66ms)
			RebuildTransferFunctionScriptingTraits (0ms)
			SetupTypeCache (213ms)
			ReleaseScriptCaches (1ms)
			RebuildScriptCaches (29ms)
			SetupLoadedEditorAssemblies (270ms)
				LogAssemblyErrors (0ms)
				InitializePlatformSupportModulesInManaged (5ms)
				SetLoadedEditorAssemblies (0ms)
				RefreshPlugins (0ms)
				BeforeProcessingInitializeOnLoad (37ms)
				ProcessInitializeOnLoadAttributes (219ms)
				ProcessInitializeOnLoadMethodAttributes (3ms)
				AfterProcessingInitializeOnLoad (5ms)
				EditorAssembliesLoaded (0ms)
			ExecutionOrderSort2 (0ms)
			AwakeInstancesAfterBackupRestoration (6ms)
Platform modules already initialized, skipping
Refreshing native plugins compatible for Editor in 0.29 ms, found 2 plugins.
Preloading 0 native plugins for Editor in 0.00 ms.
Unloading 1396 Unused Serialized files (Serialized files now loaded: 0)
System memory in use before: 68.7 MB.
System memory in use after: 68.8 MB.

Unloading 15 unused Assets to reduce memory usage. Loaded Objects now: 1899.
Total: 2.199900 ms (FindLiveObjects: 0.141100 ms CreateObjectMapping: 0.046100 ms MarkObjects: 1.982800 ms  DeleteObjects: 0.029400 ms)

AssetImportParameters requested are different than current active one (requested -> active):
  custom:framework-win-MediaFoundation: 216162199b28c13a410421893ffa2e32 -> 
  custom:video-decoder-ogg-theora: a1e56fd34408186e4bbccfd4996cb3dc -> 
  custom:container-muxer-webm: aa71ff27fc2769a1b78a27578f13a17b -> 
  custom:container-demuxer-webm: 4f35f7cbe854078d1ac9338744f61a02 -> 
  custom:container-demuxer-ogg: 62fdf1f143b41e24485cea50d1cbac27 -> 
  custom:video-encoder-webm-vp8: eb34c28f22e8b96e1ab97ce403110664 -> 
  custom:video-decoder-webm-vp8: 9c59270c3fd7afecdb556c50c9e8de78 -> 
  custom:audio-decoder-ogg-vorbis: bf7c407c2cedff20999df2af8eb42d56 -> 
  custom:audio-encoder-webm-vorbis: bf7c407c2cedff20999df2af8eb42d56 -> 
========================================================================
Received Import Request.
  Time since last request: 12.546000 seconds.
  path: Assets/Prefabs/Jelly_death_particle.prefab
  artifactKey: Guid(71cfc7dfb03e0e949b472326ae913322) Importer(815301076,1909f56bfc062723c751e8b465ee728b)
Start importing Assets/Prefabs/Jelly_death_particle.prefab using Guid(71cfc7dfb03e0e949b472326ae913322) Importer(815301076,1909f56bfc062723c751e8b465ee728b)  -> (artifact id: 'b7517e695da1a97d1feecbc18f53b8c8') in 0.044365 seconds 
  Import took 0.046797 seconds .

========================================================================
Received Prepare
Registering precompiled user dll's ...
Registered in 0.002593 seconds.
Begin MonoManager ReloadAssembly
Native extension for WindowsStandalone target not found
Native extension for WebGL target not found
Refreshing native plugins compatible for Editor in 0.47 ms, found 2 plugins.
Preloading 0 native plugins for Editor in 0.00 ms.
Mono: successfully reloaded assembly
- Completed reload, in  0.821 seconds
Domain Reload Profiling:
	ReloadAssembly (821ms)
		BeginReloadAssembly (91ms)
			ExecutionOrderSort (0ms)
			DisableScriptedObjects (3ms)
			BackupInstance (0ms)
			ReleaseScriptingObjects (0ms)
			CreateAndSetChildDomain (25ms)
		EndReloadAssembly (680ms)
			LoadAssemblies (63ms)
			RebuildTransferFunctionScriptingTraits (0ms)
			SetupTypeCache (215ms)
			ReleaseScriptCaches (1ms)
			RebuildScriptCaches (29ms)
			SetupLoadedEditorAssemblies (287ms)
				LogAssemblyErrors (0ms)
				InitializePlatformSupportModulesInManaged (5ms)
				SetLoadedEditorAssemblies (0ms)
				RefreshPlugins (1ms)
				BeforeProcessingInitializeOnLoad (42ms)
				ProcessInitializeOnLoadAttributes (230ms)
				ProcessInitializeOnLoadMethodAttributes (3ms)
				AfterProcessingInitializeOnLoad (5ms)
				EditorAssembliesLoaded (0ms)
			ExecutionOrderSort2 (0ms)
			AwakeInstancesAfterBackupRestoration (6ms)
Platform modules already initialized, skipping
Refreshing native plugins compatible for Editor in 0.31 ms, found 2 plugins.
Preloading 0 native plugins for Editor in 0.00 ms.
Unloading 1396 Unused Serialized files (Serialized files now loaded: 0)
System memory in use before: 68.7 MB.
System memory in use after: 68.8 MB.

Unloading 15 unused Assets to reduce memory usage. Loaded Objects now: 1902.
Total: 2.429300 ms (FindLiveObjects: 0.169900 ms CreateObjectMapping: 0.059000 ms MarkObjects: 2.169800 ms  DeleteObjects: 0.029600 ms)

AssetImportParameters requested are different than current active one (requested -> active):
  custom:framework-win-MediaFoundation: 216162199b28c13a410421893ffa2e32 -> 
  custom:video-decoder-ogg-theora: a1e56fd34408186e4bbccfd4996cb3dc -> 
  custom:container-muxer-webm: aa71ff27fc2769a1b78a27578f13a17b -> 
  custom:container-demuxer-webm: 4f35f7cbe854078d1ac9338744f61a02 -> 
  custom:container-demuxer-ogg: 62fdf1f143b41e24485cea50d1cbac27 -> 
  custom:video-encoder-webm-vp8: eb34c28f22e8b96e1ab97ce403110664 -> 
  custom:video-decoder-webm-vp8: 9c59270c3fd7afecdb556c50c9e8de78 -> 
  custom:audio-decoder-ogg-vorbis: bf7c407c2cedff20999df2af8eb42d56 -> 
  custom:audio-encoder-webm-vorbis: bf7c407c2cedff20999df2af8eb42d56 -> 
========================================================================
Received Import Request.
  Time since last request: 22.826827 seconds.
  path: Assets/Prefabs/Jelly_death_particle.prefab
  artifactKey: Guid(71cfc7dfb03e0e949b472326ae913322) Importer(815301076,1909f56bfc062723c751e8b465ee728b)
Start importing Assets/Prefabs/Jelly_death_particle.prefab using Guid(71cfc7dfb03e0e949b472326ae913322) Importer(815301076,1909f56bfc062723c751e8b465ee728b)  -> (artifact id: 'fe5cb7f7cc42989a874551454e29c68e') in 0.048431 seconds 
  Import took 0.050543 seconds .

========================================================================
Received Import Request.
  Time since last request: 0.089216 seconds.
  path: Assets/Prefabs/Jelly_death_particle.prefab
  artifactKey: Guid(71cfc7dfb03e0e949b472326ae913322) Importer(815301076,1909f56bfc062723c751e8b465ee728b)
Start importing Assets/Prefabs/Jelly_death_particle.prefab using Guid(71cfc7dfb03e0e949b472326ae913322) Importer(815301076,1909f56bfc062723c751e8b465ee728b)  -> (artifact id: 'fe5cb7f7cc42989a874551454e29c68e') in 0.007380 seconds 
  Import took 0.009672 seconds .

========================================================================
Received Import Request.
  Time since last request: 8.794974 seconds.
  path: Assets/Prefabs/Jelly_death_particle.prefab
  artifactKey: Guid(71cfc7dfb03e0e949b472326ae913322) Importer(815301076,1909f56bfc062723c751e8b465ee728b)
Start importing Assets/Prefabs/Jelly_death_particle.prefab using Guid(71cfc7dfb03e0e949b472326ae913322) Importer(815301076,1909f56bfc062723c751e8b465ee728b)  -> (artifact id: 'e9d2738822460d0ca09b7ade74a9a65c') in 0.009090 seconds 
  Import took 0.011405 seconds .

========================================================================
Received Prepare
Registering precompiled user dll's ...
Registered in 0.474907 seconds.
Begin MonoManager ReloadAssembly
Native extension for WindowsStandalone target not found
Native extension for WebGL target not found
Refreshing native plugins compatible for Editor in 0.30 ms, found 2 plugins.
Preloading 0 native plugins for Editor in 0.00 ms.
Mono: successfully reloaded assembly
- Completed reload, in  4.667 seconds
Domain Reload Profiling:
	ReloadAssembly (4667ms)
		BeginReloadAssembly (2114ms)
			ExecutionOrderSort (0ms)
			DisableScriptedObjects (4ms)
			BackupInstance (0ms)
			ReleaseScriptingObjects (0ms)
			CreateAndSetChildDomain (34ms)
		EndReloadAssembly (2504ms)
			LoadAssemblies (3192ms)
			RebuildTransferFunctionScriptingTraits (0ms)
			SetupTypeCache (838ms)
			ReleaseScriptCaches (1ms)
			RebuildScriptCaches (29ms)
			SetupLoadedEditorAssemblies (368ms)
				LogAssemblyErrors (0ms)
				InitializePlatformSupportModulesInManaged (5ms)
				SetLoadedEditorAssemblies (0ms)
				RefreshPlugins (0ms)
				BeforeProcessingInitializeOnLoad (38ms)
				ProcessInitializeOnLoadAttributes (317ms)
				ProcessInitializeOnLoadMethodAttributes (3ms)
				AfterProcessingInitializeOnLoad (5ms)
				EditorAssembliesLoaded (0ms)
			ExecutionOrderSort2 (0ms)
			AwakeInstancesAfterBackupRestoration (6ms)
Platform modules already initialized, skipping
Refreshing native plugins compatible for Editor in 0.31 ms, found 2 plugins.
Preloading 0 native plugins for Editor in 0.00 ms.
Unloading 1396 Unused Serialized files (Serialized files now loaded: 0)
System memory in use before: 68.7 MB.
System memory in use after: 68.8 MB.

Unloading 15 unused Assets to reduce memory usage. Loaded Objects now: 1905.
Total: 2.270600 ms (FindLiveObjects: 0.143700 ms CreateObjectMapping: 0.043900 ms MarkObjects: 2.028100 ms  DeleteObjects: 0.053200 ms)

AssetImportParameters requested are different than current active one (requested -> active):
  custom:framework-win-MediaFoundation: 216162199b28c13a410421893ffa2e32 -> 
  custom:video-decoder-ogg-theora: a1e56fd34408186e4bbccfd4996cb3dc -> 
  custom:container-muxer-webm: aa71ff27fc2769a1b78a27578f13a17b -> 
  custom:container-demuxer-webm: 4f35f7cbe854078d1ac9338744f61a02 -> 
  custom:container-demuxer-ogg: 62fdf1f143b41e24485cea50d1cbac27 -> 
  custom:video-encoder-webm-vp8: eb34c28f22e8b96e1ab97ce403110664 -> 
  custom:video-decoder-webm-vp8: 9c59270c3fd7afecdb556c50c9e8de78 -> 
  custom:audio-decoder-ogg-vorbis: bf7c407c2cedff20999df2af8eb42d56 -> 
  custom:audio-encoder-webm-vorbis: bf7c407c2cedff20999df2af8eb42d56 -> 
AssetImportWorkerClient::OnTransportError - code=2 error=End of file
